# JRE version: OpenJDK Runtime Environment (11.0.15) (build 11.0.15+0-b2043.56-9505619)
# Java VM: OpenJDK 64-Bit Server VM (11.0.15+0-b2043.56-9505619, mixed mode, tiered, compressed oops, g1 gc, windows-amd64)
Heap:
 garbage-first heap   total 187392K, used 101642K [0x0000000080000000, 0x0000000100000000)
  region size 1024K, 4 young (4096K), 4 survivors (4096K)
 Metaspace       used 95463K, capacity 98004K, committed 98352K, reserved 1134592K
  class space    used 12358K, capacity 13315K, committed 13440K, reserved 1048576K
GC Heap History (20 events):
Event: 21.145 GC heap before
{Heap before GC invocations=28 (full 0):
 garbage-first heap   total 129024K, used 108236K [0x0000000080000000, 0x0000000100000000)
  region size 1024K, 38 young (38912K), 5 survivors (5120K)
 Metaspace       used 84778K, capacity 86856K, committed 87088K, reserved 1124352K
  class space    used 11063K, capacity 11860K, committed 11904K, reserved 1048576K
}
Event: 21.153 GC heap after
{Heap after GC invocations=29 (full 0):
 garbage-first heap   total 129024K, used 77470K [0x0000000080000000, 0x0000000100000000)
  region size 1024K, 5 young (5120K), 5 survivors (5120K)
 Metaspace       used 84778K, capacity 86856K, committed 87088K, reserved 1124352K
  class space    used 11063K, capacity 11860K, committed 11904K, reserved 1048576K
}
Event: 21.398 GC heap before
{Heap before GC invocations=29 (full 0):
 garbage-first heap   total 129024K, used 108190K [0x0000000080000000, 0x0000000100000000)
  region size 1024K, 35 young (35840K), 5 survivors (5120K)
 Metaspace       used 84941K, capacity 87043K, committed 87088K, reserved 1124352K
  class space    used 11078K, capacity 11899K, committed 11904K, reserved 1048576K
}
Event: 21.414 GC heap after
{Heap after GC invocations=30 (full 0):
 garbage-first heap   total 129024K, used 82381K [0x0000000080000000, 0x0000000100000000)
  region size 1024K, 5 young (5120K), 5 survivors (5120K)
 Metaspace       used 84941K, capacity 87043K, committed 87088K, reserved 1124352K
  class space    used 11078K, capacity 11899K, committed 11904K, reserved 1048576K
}
Event: 21.638 GC heap before
{Heap before GC invocations=31 (full 0):
 garbage-first heap   total 129024K, used 107981K [0x0000000080000000, 0x0000000100000000)
  region size 1024K, 30 young (30720K), 5 survivors (5120K)
 Metaspace       used 85033K, capacity 87123K, committed 87472K, reserved 1124352K
  class space    used 11090K, capacity 11905K, committed 12032K, reserved 1048576K
}
Event: 21.644 GC heap after
{Heap after GC invocations=32 (full 0):
 garbage-first heap   total 129024K, used 86371K [0x0000000080000000, 0x0000000100000000)
  region size 1024K, 4 young (4096K), 4 survivors (4096K)
 Metaspace       used 85033K, capacity 87123K, committed 87472K, reserved 1124352K
  class space    used 11090K, capacity 11905K, committed 12032K, reserved 1048576K
}
Event: 22.733 GC heap before
{Heap before GC invocations=32 (full 0):
 garbage-first heap   total 129024K, used 107875K [0x0000000080000000, 0x0000000100000000)
  region size 1024K, 25 young (25600K), 4 survivors (4096K)
 Metaspace       used 86743K, capacity 89024K, committed 89264K, reserved 1126400K
  class space    used 11395K, capacity 12262K, committed 12288K, reserved 1048576K
}
Event: 22.745 GC heap after
{Heap after GC invocations=33 (full 0):
 garbage-first heap   total 155648K, used 89178K [0x0000000080000000, 0x0000000100000000)
  region size 1024K, 3 young (3072K), 3 survivors (3072K)
 Metaspace       used 86743K, capacity 89024K, committed 89264K, reserved 1126400K
  class space    used 11395K, capacity 12262K, committed 12288K, reserved 1048576K
}
Event: 23.333 GC heap before
{Heap before GC invocations=34 (full 0):
 garbage-first heap   total 155648K, used 119898K [0x0000000080000000, 0x0000000100000000)
  region size 1024K, 34 young (34816K), 3 survivors (3072K)
 Metaspace       used 87626K, capacity 90106K, committed 90288K, reserved 1126400K
  class space    used 11535K, capacity 12485K, committed 12544K, reserved 1048576K
}
Event: 23.340 GC heap after
{Heap after GC invocations=35 (full 0):
 garbage-first heap   total 155648K, used 91289K [0x0000000080000000, 0x0000000100000000)
  region size 1024K, 5 young (5120K), 5 survivors (5120K)
 Metaspace       used 87626K, capacity 90106K, committed 90288K, reserved 1126400K
  class space    used 11535K, capacity 12485K, committed 12544K, reserved 1048576K
}
Event: 23.877 GC heap before
{Heap before GC invocations=35 (full 0):
 garbage-first heap   total 155648K, used 122009K [0x0000000080000000, 0x0000000100000000)
  region size 1024K, 36 young (36864K), 5 survivors (5120K)
 Metaspace       used 89541K, capacity 92095K, committed 92336K, reserved 1128448K
  class space    used 11732K, capacity 12739K, committed 12800K, reserved 1048576K
}
Event: 23.885 GC heap after
{Heap after GC invocations=36 (full 0):
 garbage-first heap   total 155648K, used 94026K [0x0000000080000000, 0x0000000100000000)
  region size 1024K, 4 young (4096K), 4 survivors (4096K)
 Metaspace       used 89541K, capacity 92095K, committed 92336K, reserved 1128448K
  class space    used 11732K, capacity 12739K, committed 12800K, reserved 1048576K
}
Event: 24.741 GC heap before
{Heap before GC invocations=37 (full 0):
 garbage-first heap   total 155648K, used 123722K [0x0000000080000000, 0x0000000100000000)
  region size 1024K, 34 young (34816K), 4 survivors (4096K)
 Metaspace       used 92177K, capacity 94831K, committed 95024K, reserved 1130496K
  class space    used 12050K, capacity 13073K, committed 13184K, reserved 1048576K
}
Event: 24.745 GC heap after
{Heap after GC invocations=38 (full 0):
 garbage-first heap   total 155648K, used 94407K [0x0000000080000000, 0x0000000100000000)
  region size 1024K, 1 young (1024K), 1 survivors (1024K)
 Metaspace       used 92177K, capacity 94831K, committed 95024K, reserved 1130496K
  class space    used 12050K, capacity 13073K, committed 13184K, reserved 1048576K
}
Event: 25.154 GC heap before
{Heap before GC invocations=38 (full 0):
 garbage-first heap   total 155648K, used 125127K [0x0000000080000000, 0x0000000100000000)
  region size 1024K, 32 young (32768K), 1 survivors (1024K)
 Metaspace       used 93215K, capacity 95913K, committed 96048K, reserved 1132544K
  class space    used 12159K, capacity 13179K, committed 13184K, reserved 1048576K
}
Event: 25.161 GC heap after
{Heap after GC invocations=39 (full 0):
 garbage-first heap   total 155648K, used 96263K [0x0000000080000000, 0x0000000100000000)
  region size 1024K, 3 young (3072K), 3 survivors (3072K)
 Metaspace       used 93215K, capacity 95913K, committed 96048K, reserved 1132544K
  class space    used 12159K, capacity 13179K, committed 13184K, reserved 1048576K
}
Event: 25.932 GC heap before
{Heap before GC invocations=40 (full 0):
 garbage-first heap   total 155648K, used 126983K [0x0000000080000000, 0x0000000100000000)
  region size 1024K, 34 young (34816K), 3 survivors (3072K)
 Metaspace       used 93263K, capacity 95824K, committed 96432K, reserved 1132544K
  class space    used 12086K, capacity 13073K, committed 13312K, reserved 1048576K
}
Event: 25.938 GC heap after
{Heap after GC invocations=41 (full 0):
 garbage-first heap   total 155648K, used 98674K [0x0000000080000000, 0x0000000100000000)
  region size 1024K, 5 young (5120K), 5 survivors (5120K)
 Metaspace       used 93263K, capacity 95824K, committed 96432K, reserved 1132544K
  class space    used 12086K, capacity 13073K, committed 13312K, reserved 1048576K
}
Event: 26.260 GC heap before
{Heap before GC invocations=41 (full 0):
 garbage-first heap   total 155648K, used 128370K [0x0000000080000000, 0x0000000100000000)
  region size 1024K, 35 young (35840K), 5 survivors (5120K)
 Metaspace       used 94124K, capacity 96651K, committed 97200K, reserved 1132544K
  class space    used 12172K, capacity 13121K, committed 13312K, reserved 1048576K
}
Event: 26.268 GC heap after
{Heap after GC invocations=42 (full 0):
 garbage-first heap   total 155648K, used 100652K [0x0000000080000000, 0x0000000100000000)
  region size 1024K, 5 young (5120K), 5 survivors (5120K)
 Metaspace       used 94124K, capacity 96651K, committed 97200K, reserved 1132544K
  class space    used 12172K, capacity 13121K, committed 13312K, reserved 1048576K
}

